# JRE version: Java(TM) SE Runtime Environment (14.0.2+12) (build 14.0.2+12-46)
# Java VM: Java HotSpot(TM) 64-Bit Server VM (14.0.2+12-46, mixed mode, sharing, tiered, compressed oops, g1 gc, windows-amd64)
Heap:
 garbage-first heap   total 17408K, used 3908K [0x0000000081800000, 0x0000000100000000)
  region size 1024K, 1 young (1024K), 1 survivors (1024K)
 Metaspace       used 8341K, capacity 11316K, committed 11392K, reserved 1058816K
  class space    used 1012K, capacity 1336K, committed 1408K, reserved 1048576K
GC Heap History (17 events):
Event: 0.157 GC heap before
{Heap before GC invocations=0 (full 0):
 garbage-first heap   total 8192K, used 3072K [0x0000000081800000, 0x0000000100000000)
  region size 1024K, 3 young (3072K), 0 survivors (0K)
 Metaspace       used 2667K, capacity 6337K, committed 6400K, reserved 1056768K
  class space    used 362K, capacity 716K, committed 768K, reserved 1048576K
}
Event: 0.160 GC heap after
{Heap after GC invocations=1 (full 0):
 garbage-first heap   total 8192K, used 1153K [0x0000000081800000, 0x0000000100000000)
  region size 1024K, 1 young (1024K), 1 survivors (1024K)
 Metaspace       used 2667K, capacity 6337K, committed 6400K, reserved 1056768K
  class space    used 362K, capacity 716K, committed 768K, reserved 1048576K
}
Event: 0.210 GC heap before
{Heap before GC invocations=1 (full 0):
 garbage-first heap   total 8192K, used 2177K [0x0000000081800000, 0x0000000100000000)
  region size 1024K, 2 young (2048K), 1 survivors (1024K)
 Metaspace       used 4400K, capacity 8023K, committed 8192K, reserved 1056768K
  class space    used 576K, capacity 916K, committed 1024K, reserved 1048576K
}
Event: 0.212 GC heap after
{Heap after GC invocations=2 (full 0):
 garbage-first heap   total 8192K, used 1771K [0x0000000081800000, 0x0000000100000000)
  region size 1024K, 1 young (1024K), 1 survivors (1024K)
 Metaspace       used 4400K, capacity 8023K, committed 8192K, reserved 1056768K
  class space    used 576K, capacity 916K, committed 1024K, reserved 1048576K
}
Event: 0.256 GC heap before
{Heap before GC invocations=2 (full 0):
 garbage-first heap   total 8192K, used 2795K [0x0000000081800000, 0x0000000100000000)
  region size 1024K, 2 young (2048K), 1 survivors (1024K)
 Metaspace       used 5951K, capacity 9607K, committed 9856K, reserved 1058816K
  class space    used 736K, capacity 1106K, committed 1152K, reserved 1048576K
}
Event: 0.257 GC heap after
{Heap after GC invocations=3 (full 0):
 garbage-first heap   total 8192K, used 2044K [0x0000000081800000, 0x0000000100000000)
  region size 1024K, 1 young (1024K), 1 survivors (1024K)
 Metaspace       used 5951K, capacity 9607K, committed 9856K, reserved 1058816K
  class space    used 736K, capacity 1106K, committed 1152K, reserved 1048576K
}
Event: 0.308 GC heap before
{Heap before GC invocations=3 (full 0):
 garbage-first heap   total 8192K, used 3068K [0x0000000081800000, 0x0000000100000000)
  region size 1024K, 2 young (2048K), 1 survivors (1024K)
 Metaspace       used 7628K, capacity 10931K, committed 11008K, reserved 1058816K
  class space    used 931K, capacity 1249K, committed 1280K, reserved 1048576K
}
Event: 0.311 GC heap after
{Heap after GC invocations=4 (full 0):
 garbage-first heap   total 8192K, used 2382K [0x0000000081800000, 0x0000000100000000)
  region size 1024K, 1 young (1024K), 1 survivors (1024K)
 Metaspace       used 7628K, capacity 10931K, committed 11008K, reserved 1058816K
  class space    used 931K, capacity 1249K, committed 1280K, reserved 1048576K
}
Event: 0.330 GC heap before
{Heap before GC invocations=4 (full 0):
 garbage-first heap   total 8192K, used 3406K [0x0000000081800000, 0x0000000100000000)
  region size 1024K, 2 young (2048K), 1 survivors (1024K)
 Metaspace       used 7906K, capacity 11076K, committed 11392K, reserved 1058816K
  class space    used 962K, capacity 1298K, committed 1408K, reserved 1048576K
}
Event: 0.333 GC heap after
{Heap after GC invocations=5 (full 0):
 garbage-first heap   total 11264K, used 2605K [0x0000000081800000, 0x0000000100000000)
  region size 1024K, 1 young (1024K), 1 survivors (1024K)
 Metaspace       used 7906K, capacity 11076K, committed 11392K, reserved 1058816K
  class space    used 962K, capacity 1298K, committed 1408K, reserved 1048576K
}
Event: 0.364 GC heap before
{Heap before GC invocations=5 (full 0):
 garbage-first heap   total 11264K, used 4653K [0x0000000081800000, 0x0000000100000000)
  region size 1024K, 3 young (3072K), 1 survivors (1024K)
 Metaspace       used 8205K, capacity 11300K, committed 11392K, reserved 1058816K
  class space    used 1006K, capacity 1331K, committed 1408K, reserved 1048576K
}
Event: 0.367 GC heap after
{Heap after GC invocations=6 (full 0):
 garbage-first heap   total 11264K, used 3395K [0x0000000081800000, 0x0000000100000000)
  region size 1024K, 1 young (1024K), 1 survivors (1024K)
 Metaspace       used 8205K, capacity 11300K, committed 11392K, reserved 1058816K
  class space    used 1006K, capacity 1331K, committed 1408K, reserved 1048576K
}
Event: 0.374 GC heap before
{Heap before GC invocations=6 (full 0):
 garbage-first heap   total 11264K, used 5443K [0x0000000081800000, 0x0000000100000000)
  region size 1024K, 3 young (3072K), 1 survivors (1024K)
 Metaspace       used 8236K, capacity 11300K, committed 11392K, reserved 1058816K
  class space    used 1006K, capacity 1331K, committed 1408K, reserved 1048576K
}
Event: 0.376 GC heap after
{Heap after GC invocations=7 (full 0):
 garbage-first heap   total 11264K, used 3811K [0x0000000081800000, 0x0000000100000000)
  region size 1024K, 1 young (1024K), 1 survivors (1024K)
 Metaspace       used 8236K, capacity 11300K, committed 11392K, reserved 1058816K
  class space    used 1006K, capacity 1331K, committed 1408K, reserved 1048576K
}
Event: 0.392 GC heap before
{Heap before GC invocations=7 (full 0):
 garbage-first heap   total 11264K, used 4835K [0x0000000081800000, 0x0000000100000000)
  region size 1024K, 2 young (2048K), 1 survivors (1024K)
 Metaspace       used 8325K, capacity 11309K, committed 11392K, reserved 1058816K
  class space    used 1011K, capacity 1334K, committed 1408K, reserved 1048576K
}
Event: 0.393 GC heap after
{Heap after GC invocations=8 (full 0):
 garbage-first heap   total 11264K, used 3759K [0x0000000081800000, 0x0000000100000000)
  region size 1024K, 1 young (1024K), 1 survivors (1024K)
 Metaspace       used 8325K, capacity 11309K, committed 11392K, reserved 1058816K
  class space    used 1011K, capacity 1334K, committed 1408K, reserved 1048576K
}
Event: 0.399 GC heap before
{Heap before GC invocations=8 (full 0):
 garbage-first heap   total 11264K, used 4783K [0x0000000081800000, 0x0000000100000000)
  region size 1024K, 2 young (2048K), 1 survivors (1024K)
 Metaspace       used 8341K, capacity 11316K, committed 11392K, reserved 1058816K
  class space    used 1012K, capacity 1336K, committed 1408K, reserved 1048576K
}

